d:\google drive uwindsor\capstone 2018\octave\octave with gui\x64\debug\main.obj
d:\google drive uwindsor\capstone 2018\octave\octave with gui\x64\debug\moc_worker.obj
d:\google drive uwindsor\capstone 2018\octave\octave with gui\x64\debug\moc_mainwindow.obj
d:\google drive uwindsor\capstone 2018\octave\octave with gui\x64\debug\mainwindow.obj
d:\google drive uwindsor\capstone 2018\octave\octave with gui\x64\debug\fx_var.obj
d:\google drive uwindsor\capstone 2018\octave\octave with gui\x64\debug\vc141.pdb
d:\google drive uwindsor\capstone 2018\octave\octave with gui\debug\moc_predefs.h
d:\google drive uwindsor\capstone 2018\octave\octave with gui\debug\octave_capstone.exe
d:\google drive uwindsor\capstone 2018\octave\octave with gui\debug\octave_capstone.ilk
d:\google drive uwindsor\capstone 2018\octave\octave with gui\debug\octave_capstone.pdb
d:\google drive uwindsor\capstone 2018\octave\octave with gui\generatedfiles\debug\moc_mainwindow.cpp
d:\google drive uwindsor\capstone 2018\octave\octave with gui\generatedfiles\ui_mainwindow.h
d:\google drive uwindsor\capstone 2018\octave\octave with gui\generatedfiles\debug\moc_worker.cpp
d:\google drive uwindsor\capstone 2018\octave\octave with gui\x64\debug\octave_capstone.tlog\cl.command.1.tlog
d:\google drive uwindsor\capstone 2018\octave\octave with gui\x64\debug\octave_capstone.tlog\cl.read.1.tlog
d:\google drive uwindsor\capstone 2018\octave\octave with gui\x64\debug\octave_capstone.tlog\cl.write.1.tlog
d:\google drive uwindsor\capstone 2018\octave\octave with gui\x64\debug\octave_capstone.tlog\custombuild.command.1.tlog
d:\google drive uwindsor\capstone 2018\octave\octave with gui\x64\debug\octave_capstone.tlog\custombuild.read.1.tlog
d:\google drive uwindsor\capstone 2018\octave\octave with gui\x64\debug\octave_capstone.tlog\custombuild.write.1.tlog
d:\google drive uwindsor\capstone 2018\octave\octave with gui\x64\debug\octave_capstone.tlog\link.command.1.tlog
d:\google drive uwindsor\capstone 2018\octave\octave with gui\x64\debug\octave_capstone.tlog\link.read.1.tlog
d:\google drive uwindsor\capstone 2018\octave\octave with gui\x64\debug\octave_capstone.tlog\link.write.1.tlog
d:\google drive uwindsor\capstone 2018\octave\octave with gui\x64\debug\octave_capstone.tlog\octave_capstone.write.1u.tlog
