c:\users\ecs\desktop\octave capstone\portaudio\build\msvc\win32\release\vc140.pdb
c:\users\ecs\desktop\octave capstone\portaudio\build\msvc\win32\release\pa_win_waveformat.obj
c:\users\ecs\desktop\octave capstone\portaudio\build\msvc\win32\release\pa_win_util.obj
c:\users\ecs\desktop\octave capstone\portaudio\build\msvc\win32\release\pa_win_hostapis.obj
c:\users\ecs\desktop\octave capstone\portaudio\build\msvc\win32\release\pa_win_coinitialize.obj
c:\users\ecs\desktop\octave capstone\portaudio\build\msvc\win32\release\pa_win_wmme.obj
c:\users\ecs\desktop\octave capstone\portaudio\build\msvc\win32\release\pa_win_wdmks.obj
c:\users\ecs\desktop\octave capstone\portaudio\build\msvc\win32\release\pa_win_wasapi.obj
c:\users\ecs\desktop\octave capstone\portaudio\build\msvc\win32\release\pa_hostapi_skeleton.obj
c:\users\ecs\desktop\octave capstone\portaudio\build\msvc\win32\release\pa_win_ds_dynlink.obj
c:\users\ecs\desktop\octave capstone\portaudio\build\msvc\win32\release\pa_win_ds.obj
c:\users\ecs\desktop\octave capstone\portaudio\build\msvc\win32\release\pa_trace.obj
c:\users\ecs\desktop\octave capstone\portaudio\build\msvc\win32\release\pa_stream.obj
c:\users\ecs\desktop\octave capstone\portaudio\build\msvc\win32\release\pa_ringbuffer.obj
c:\users\ecs\desktop\octave capstone\portaudio\build\msvc\win32\release\pa_process.obj
c:\users\ecs\desktop\octave capstone\portaudio\build\msvc\win32\release\pa_front.obj
c:\users\ecs\desktop\octave capstone\portaudio\build\msvc\win32\release\pa_dither.obj
c:\users\ecs\desktop\octave capstone\portaudio\build\msvc\win32\release\pa_debugprint.obj
c:\users\ecs\desktop\octave capstone\portaudio\build\msvc\win32\release\pa_cpuload.obj
c:\users\ecs\desktop\octave capstone\portaudio\build\msvc\win32\release\pa_converters.obj
c:\users\ecs\desktop\octave capstone\portaudio\build\msvc\win32\release\pa_allocation.obj
c:\users\ecs\desktop\octave capstone\portaudio\build\msvc\win32\release\pa_x86_plain_converters.obj
c:\users\ecs\desktop\octave capstone\portaudio\build\msvc\win32\release\pa_win_wdmks_utils.obj
c:\users\ecs\desktop\octave capstone\portaudio\build\msvc\win32\release\pa_asio.obj
c:\users\ecs\desktop\octave capstone\portaudio\build\msvc\win32\release\asiolist.obj
c:\users\ecs\desktop\octave capstone\portaudio\build\msvc\win32\release\asiodrivers.obj
c:\users\ecs\desktop\octave capstone\portaudio\build\msvc\win32\release\asio.obj
c:\users\ecs\desktop\octave capstone\portaudio\build\msvc\win32\release\portaudio_x86.dll
c:\users\ecs\desktop\octave capstone\portaudio\build\msvc\win32\release\portaudio_x86.pdb
c:\users\ecs\desktop\octave capstone\portaudio\build\msvc\win32\release\portaudio_x86.lib
c:\users\ecs\desktop\octave capstone\portaudio\build\msvc\win32\release\portaudio_x86.exp
c:\users\ecs\desktop\octave capstone\portaudio\build\msvc\win32\release\portaudio.tlog\cl.command.1.tlog
c:\users\ecs\desktop\octave capstone\portaudio\build\msvc\win32\release\portaudio.tlog\cl.read.1.tlog
c:\users\ecs\desktop\octave capstone\portaudio\build\msvc\win32\release\portaudio.tlog\cl.write.1.tlog
c:\users\ecs\desktop\octave capstone\portaudio\build\msvc\win32\release\portaudio.tlog\link.command.1.tlog
c:\users\ecs\desktop\octave capstone\portaudio\build\msvc\win32\release\portaudio.tlog\link.read.1.tlog
c:\users\ecs\desktop\octave capstone\portaudio\build\msvc\win32\release\portaudio.tlog\link.write.1.tlog
c:\users\ecs\desktop\octave capstone\portaudio\build\msvc\win32\release\portaudio.tlog\portaudio.write.1u.tlog
