  pa_x86_plain_converters.c
  pa_win_wdmks_utils.c
  pa_win_waveformat.c
  pa_win_util.c
  pa_win_hostapis.c
  pa_win_coinitialize.c
  pa_win_wmme.c
  pa_win_wdmks.c
  pa_win_wasapi.c
  pa_hostapi_skeleton.c
  pa_win_ds_dynlink.c
  pa_win_ds.c
  pa_trace.c
  pa_stream.c
  pa_ringbuffer.c
  pa_process.c
  pa_front.c
  pa_dither.c
  pa_debugprint.c
  pa_cpuload.c
  Generating Code...
  Compiling...
  pa_converters.c
  pa_allocation.c
  Generating Code...
  pa_asio.cpp
  asiolist.cpp
  asiodrivers.cpp
  asio.cpp
  Generating Code...
C:\Program Files (x86)\MSBuild\Microsoft.Cpp\v4.0\V140\Microsoft.CppBuild.targets(1189,5): warning MSB8012: TargetPath(C:\Users\ecs\Desktop\Octave Capstone\portaudio\build\msvc\Win32\Debug\portaudio_Debug.dll) does not match the Linker's OutputFile property value (C:\Users\ecs\Desktop\Octave Capstone\portaudio\build\msvc\Win32\Debug\portaudio_x86.dll). This may cause your project to build incorrectly. To correct this, please make sure that $(OutDir), $(TargetName) and $(TargetExt) property values match the value specified in %(Link.OutputFile).
C:\Program Files (x86)\MSBuild\Microsoft.Cpp\v4.0\V140\Microsoft.CppBuild.targets(1191,5): warning MSB8012: TargetName(portaudio_Debug) does not match the Linker's OutputFile property value (portaudio_x86). This may cause your project to build incorrectly. To correct this, please make sure that $(OutDir), $(TargetName) and $(TargetExt) property values match the value specified in %(Link.OutputFile).
pa_allocation.obj : warning LNK4075: ignoring '/EDITANDCONTINUE' due to '/SAFESEH' specification
     Creating library Win32\Debug\portaudio_x86.lib and object Win32\Debug\portaudio_x86.exp
  portaudio.vcxproj -> C:\Users\ecs\Desktop\Octave Capstone\portaudio\build\msvc\Win32\Debug\portaudio_Debug.dll
  portaudio.vcxproj -> Win32\Debug\portaudio_x86.pdb (Full PDB)
