  pa_x86_plain_converters.c
  pa_win_wdmks_utils.c
  pa_win_waveformat.c
  pa_win_util.c
  pa_win_hostapis.c
  pa_win_coinitialize.c
  pa_win_wmme.c
..\..\src\hostapi\wmme\pa_win_wmme.c(676): warning C4312: 'type cast': conversion from 'int' to 'HWAVEIN' of greater size
..\..\src\hostapi\wmme\pa_win_wmme.c(685): warning C4312: 'type cast': conversion from 'int' to 'HWAVEIN' of greater size
..\..\src\hostapi\wmme\pa_win_wmme.c(806): warning C4312: 'type cast': conversion from 'int' to 'HWAVEOUT' of greater size
..\..\src\hostapi\wmme\pa_win_wmme.c(815): warning C4312: 'type cast': conversion from 'int' to 'HWAVEOUT' of greater size
..\..\src\hostapi\wmme\pa_win_wmme.c(1020): warning C4312: 'type cast': conversion from 'UINT' to 'HWAVEIN' of greater size
..\..\src\hostapi\wmme\pa_win_wmme.c(1024): warning C4312: 'type cast': conversion from 'UINT' to 'HWAVEOUT' of greater size
  pa_win_wdmks.c
  pa_win_wasapi.c
  pa_hostapi_skeleton.c
  pa_win_ds_dynlink.c
  pa_win_ds.c
  pa_trace.c
  pa_stream.c
  pa_ringbuffer.c
  pa_process.c
  pa_front.c
  pa_dither.c
  pa_debugprint.c
  pa_cpuload.c
  Generating Code...
  Compiling...
  pa_converters.c
  pa_allocation.c
  Generating Code...
  pa_asio.cpp
  asiolist.cpp
..\..\src\hostapi\asio\ASIOSDK\host\pc\asiolist.cpp(24): warning C4267: 'argument': conversion from 'size_t' to 'DWORD', possible loss of data
..\..\src\hostapi\asio\ASIOSDK\host\pc\asiolist.cpp(31): warning C4267: 'argument': conversion from 'size_t' to 'DWORD', possible loss of data
  asiodrivers.cpp
  asio.cpp
  Generating Code...
C:\Program Files (x86)\MSBuild\Microsoft.Cpp\v4.0\V140\Microsoft.CppBuild.targets(1189,5): warning MSB8012: TargetPath(C:\Users\ecs\Desktop\Octave Capstone\portaudio\build\msvc\x64\Debug\portaudio.dll) does not match the Linker's OutputFile property value (C:\Users\ecs\Desktop\Octave Capstone\portaudio\build\msvc\x64\Debug\portaudio_x64.dll). This may cause your project to build incorrectly. To correct this, please make sure that $(OutDir), $(TargetName) and $(TargetExt) property values match the value specified in %(Link.OutputFile).
C:\Program Files (x86)\MSBuild\Microsoft.Cpp\v4.0\V140\Microsoft.CppBuild.targets(1191,5): warning MSB8012: TargetName(portaudio) does not match the Linker's OutputFile property value (portaudio_x64). This may cause your project to build incorrectly. To correct this, please make sure that $(OutDir), $(TargetName) and $(TargetExt) property values match the value specified in %(Link.OutputFile).
     Creating library x64\Debug\portaudio_x64.lib and object x64\Debug\portaudio_x64.exp
  portaudio.vcxproj -> C:\Users\ecs\Desktop\Octave Capstone\portaudio\build\msvc\x64\Debug\portaudio.dll
  portaudio.vcxproj -> x64\Debug/portaudio_x64.pdb (Full PDB)
